C51 COMPILER V9.54   MAIN                                                                  12/01/2025 19:09:06 PAGE 1   


C51 COMPILER V9.54, COMPILATION OF MODULE MAIN
OBJECT MODULE PLACED IN .\Objects\main.obj
COMPILER INVOKED BY: D:\k51\C51\BIN\C51.EXE main.c OPTIMIZE(8,SPEED) BROWSE DEBUG OBJECTEXTEND PRINT(.\Listings\main.lst
                    -) TABS(2) OBJECT(.\Objects\main.obj)

line level    source

   1          #include <REGX52.H>
   2          
   3          unsigned char NixieTable[] = {0x3F,0x06,0x5B,0x4F,0x66,0x6D,0x7D,0x07,0x7F,0x6F,0x77,0x7C,0x39,0x5E,0x79,0
             -x71,0x00};
   4          
   5          void Delay(unsigned int xms)
   6          {
   7   1        unsigned char i, j;
   8   1        while(xms--)
   9   1        {
  10   2          i = 2;
  11   2          j = 199;
  12   2          do
  13   2          {
  14   3              while (--j);
  15   3          } while (--i);
  16   2        }
  17   1      }
  18          
  19          void Nixie(unsigned char location,Num)
  20          {
  21   1        switch(location)
  22   1        {
  23   2          case 1:
  24   2            P2_4 = 1;P2_3 = 1;P2_2 = 1;break;
  25   2          case 2:
  26   2            P2_4 = 1;P2_3 = 1;P2_2 = 0;break;
  27   2          case 3:
  28   2            P2_4 = 1;P2_3 = 0;P2_2 = 1;break;
  29   2          case 4:
  30   2            P2_4 = 1;P2_3 = 0;P2_2 = 0;break;
  31   2          case 5:
  32   2            P2_4 = 0;P2_3 = 1;P2_2 = 1;break;
  33   2          case 6:
  34   2            P2_4 = 0;P2_3 = 1;P2_2 = 0;break;
  35   2          case 7:
  36   2            P2_4 = 0;P2_3 = 0;P2_2 = 1;break;
  37   2          case 8:
  38   2            P2_4 = 0;P2_3 = 0;P2_2 = 0;break;
  39   2        }
  40   1        P0 = NixieTable[Num];
  41   1        Delay(1);
  42   1        P0 = 0x00;
  43   1      }
  44          
  45          void main()
  46          {
  47   1        while(1)
  48   1        {
  49   2          if(P3_1==0){
  50   3            Delay(20);
  51   3            while(P3_1==0);
  52   3            Delay(20);
  53   3            while(1){
C51 COMPILER V9.54   MAIN                                                                  12/01/2025 19:09:06 PAGE 2   

  54   4              Nixie(1,1);
  55   4            }
  56   3          }
  57   2        }
  58   1      }


MODULE INFORMATION:   STATIC OVERLAYABLE
   CODE SIZE        =    161    ----
   CONSTANT SIZE    =   ----    ----
   XDATA SIZE       =   ----    ----
   PDATA SIZE       =   ----    ----
   DATA SIZE        =     17    ----
   IDATA SIZE       =   ----    ----
   BIT SIZE         =   ----    ----
END OF MODULE INFORMATION.


C51 COMPILATION COMPLETE.  0 WARNING(S),  0 ERROR(S)
