C51 COMPILER V9.54   MAIN                                                                  12/01/2025 18:05:18 PAGE 1   


C51 COMPILER V9.54, COMPILATION OF MODULE MAIN
OBJECT MODULE PLACED IN .\Objects\main.obj
COMPILER INVOKED BY: D:\k51\C51\BIN\C51.EXE main.c OPTIMIZE(8,SPEED) BROWSE DEBUG OBJECTEXTEND PRINT(.\Listings\main.lst
                    -) TABS(2) OBJECT(.\Objects\main.obj)

line level    source

   1          #include <REGX52.H>
   2          
   3          unsigned char NixieTable[] = {0x3F,0x06,0x5B,0x4F,0x66,0x6D,0x7D,0x07,0x7F,0x6F,0x77,0x7C,0x39,0x5E,0x79,0
             -x71,0x00};
   4          
   5          void Nixie(unsigned char location,Num)
   6          {
   7   1        switch(location)
   8   1        {
   9   2          case 1:
  10   2            P2_4 = 1;P2_3 = 1;P2_2 = 1;break;
  11   2          case 2:
  12   2            P2_4 = 1;P2_3 = 1;P2_2 = 0;break;
  13   2          case 3:
  14   2            P2_4 = 1;P2_3 = 0;P2_2 = 1;break;
  15   2          case 4:
  16   2            P2_4 = 1;P2_3 = 0;P2_2 = 0;break;
  17   2          case 5:
  18   2            P2_4 = 0;P2_3 = 1;P2_2 = 1;break;
  19   2          case 6:
  20   2            P2_4 = 0;P2_3 = 1;P2_2 = 0;break;
  21   2          case 7:
  22   2            P2_4 = 0;P2_3 = 0;P2_2 = 1;break;
  23   2          case 8:
  24   2            P2_4 = 0;P2_3 = 0;P2_2 = 0;break;
  25   2        }
  26   1        P0 = NixieTable[Num];
  27   1      }
  28          
  29          void main()
  30          {
  31   1      //P2_4位选信息最高位
  32   1      //P2_3中
  33   1      //P2_2低，三位控制1-8的显示输出，二进制
  34   1      
  35   1        Nixie(7,3);
  36   1        while(1)
  37   1        {
  38   2          
  39   2        }
  40   1      }


MODULE INFORMATION:   STATIC OVERLAYABLE
   CODE SIZE        =    110    ----
   CONSTANT SIZE    =   ----    ----
   XDATA SIZE       =   ----    ----
   PDATA SIZE       =   ----    ----
   DATA SIZE        =     17    ----
   IDATA SIZE       =   ----    ----
   BIT SIZE         =   ----    ----
END OF MODULE INFORMATION.


C51 COMPILATION COMPLETE.  0 WARNING(S),  0 ERROR(S)
