C51 COMPILER V9.54   MAIN                                                                  11/27/2025 20:20:03 PAGE 1   


C51 COMPILER V9.54, COMPILATION OF MODULE MAIN
OBJECT MODULE PLACED IN .\Objects\main.obj
COMPILER INVOKED BY: D:\k51\C51\BIN\C51.EXE main.c OPTIMIZE(8,SPEED) BROWSE DEBUG OBJECTEXTEND PRINT(.\Listings\main.lst
                    -) TABS(2) OBJECT(.\Objects\main.obj)

line level    source

   1          #include <REGX52.H>
   2          
   3          void Delay(unsigned int xms)    //@11.0592MHz
   4          {
   5   1        unsigned char i, j;
   6   1        while(xms){
   7   2            i = 2;
   8   2            j = 199;
   9   2          do
  10   2          {
  11   3            while (--j);
  12   3          } while (--i);
  13   2          xms--;
  14   2        }
  15   1      }
  16          
  17          void main()
  18          { 
  19   1        while(1)
  20   1        {
  21   2          if(P3_1==0){
  22   3            Delay(20);
  23   3            while(P3_1==0);
  24   3            Delay(20);
  25   3            
  26   3            P2_0 = ~P2_0;
  27   3          }
  28   2        }
  29   1      }


MODULE INFORMATION:   STATIC OVERLAYABLE
   CODE SIZE        =     44    ----
   CONSTANT SIZE    =   ----    ----
   XDATA SIZE       =   ----    ----
   PDATA SIZE       =   ----    ----
   DATA SIZE        =   ----    ----
   IDATA SIZE       =   ----    ----
   BIT SIZE         =   ----    ----
END OF MODULE INFORMATION.


C51 COMPILATION COMPLETE.  0 WARNING(S),  0 ERROR(S)
