C51 COMPILER V9.54   MAIN                                                                  11/29/2025 19:53:56 PAGE 1   


C51 COMPILER V9.54, COMPILATION OF MODULE MAIN
OBJECT MODULE PLACED IN .\Objects\main.obj
COMPILER INVOKED BY: D:\k51\C51\BIN\C51.EXE main.c OPTIMIZE(8,SPEED) BROWSE DEBUG OBJECTEXTEND PRINT(.\Listings\main.lst
                    -) TABS(2) OBJECT(.\Objects\main.obj)

line level    source

   1          #include <REGX52.H>
   2          
   3          void Delay(unsigned int x)
   4          {
   5   1        unsigned char i, j;
   6   1        while(x)
   7   1        {
   8   2          i = 2;
   9   2          j = 199;
  10   2          do
  11   2          {
  12   3            while (--j);
  13   3          } while (--i);
  14   2          x--;
  15   2        }
  16   1      }
  17            
  18          
  19          
  20          char LEDNum;
  21          void main()
  22          {
  23   1        P2 = ~0x01;
  24   1        while(1)
  25   1        {
  26   2            if(P3_1 == 0)
  27   2            {
  28   3              Delay(20);
  29   3              while(P3_1 == 0);
  30   3              Delay(20);
  31   3              LEDNum++;
  32   3              P2 = ~( 0x01<<LEDNum%8 );       
  33   3            }
  34   2            if(P3_0 == 0)
  35   2            {
  36   3              Delay(20);
  37   3              while(P3_0 == 0);
  38   3              Delay(20);
  39   3              
  40   3              LEDNum--; 
  41   3              P2 = ~( 0x01<<LEDNum%8 );       
  42   3            }
  43   2              
  44   2              
  45   2        }
  46   1      }


MODULE INFORMATION:   STATIC OVERLAYABLE
   CODE SIZE        =    105    ----
   CONSTANT SIZE    =   ----    ----
   XDATA SIZE       =   ----    ----
   PDATA SIZE       =   ----    ----
   DATA SIZE        =      1    ----
C51 COMPILER V9.54   MAIN                                                                  11/29/2025 19:53:56 PAGE 2   

   IDATA SIZE       =   ----    ----
   BIT SIZE         =   ----    ----
END OF MODULE INFORMATION.


C51 COMPILATION COMPLETE.  0 WARNING(S),  0 ERROR(S)
